2023-05-09T03:56:55+00:00 CRITICAL Uncaught TypeError: array_keys(): Argument #1 ($array) must be of type array, string given in C:\xampp\htdocs\wordpress\wp-includes\class-wpdb.php:2652
Stack trace:
#0 C:\xampp\htdocs\wordpress\wp-includes\class-wpdb.php(2652): array_keys('kulwinder123@gm...')
#1 C:\xampp\htdocs\wordpress\wp-includes\class-wpdb.php(2570): wpdb->_insert_replace_helper('Kulwinder Singh', 'kulwinder123@gm...', '$2y$10$UbIJC3MK...', 'INSERT')
#2 C:\xampp\htdocs\wordpress\wp-content\plugins\crud\user_add.php(32): wpdb->insert('Kulwinder Singh', 'kulwinder123@gm...', '$2y$10$UbIJC3MK...')
#3 C:\xampp\htdocs\wordpress\wp-content\plugins\crud\crud.php(98): include('C:\\xampp\\htdocs...')
#4 C:\xampp\htdocs\wordpress\wp-includes\class-wp-hook.php(308): crud_func('')
#5 C:\xampp\htdocs\wordpress\wp-includes\class-wp-hook.php(332): WP_Hook->apply_filters('', Array)
#6 C:\xampp\htdocs\wordpress\wp-includes\plugin.php(517): WP_Hook->do_action(Array)
#7 C:\xampp\htdocs\wordpress\wp-admin\admin.php(259): do_action('toplevel_page_c...')
#8 {main}
  thrown in C:\xampp\htdocs\wordpress\wp-includes\class-wpdb.php on line 2652

2023-05-09T04:17:27+00:00 CRITICAL Uncaught Error: Call to undefined method wpdb::esc_sql() in C:\xampp\htdocs\wordpress\wp-content\plugins\crud\user_add.php:42
Stack trace:
#0 C:\xampp\htdocs\wordpress\wp-content\plugins\crud\crud.php(98): include()
#1 C:\xampp\htdocs\wordpress\wp-includes\class-wp-hook.php(308): crud_func('')
#2 C:\xampp\htdocs\wordpress\wp-includes\class-wp-hook.php(332): WP_Hook->apply_filters('', Array)
#3 C:\xampp\htdocs\wordpress\wp-includes\plugin.php(517): WP_Hook->do_action(Array)
#4 C:\xampp\htdocs\wordpress\wp-admin\admin.php(259): do_action('toplevel_page_c...')
#5 {main}
  thrown in C:\xampp\htdocs\wordpress\wp-content\plugins\crud\user_add.php on line 42

2023-05-09T04:24:02+00:00 CRITICAL Uncaught Error: Call to undefined method wpdb::real_escape() in C:\xampp\htdocs\wordpress\wp-content\plugins\crud\user_add.php:42
Stack trace:
#0 C:\xampp\htdocs\wordpress\wp-content\plugins\crud\crud.php(98): include()
#1 C:\xampp\htdocs\wordpress\wp-includes\class-wp-hook.php(308): crud_func('')
#2 C:\xampp\htdocs\wordpress\wp-includes\class-wp-hook.php(332): WP_Hook->apply_filters('', Array)
#3 C:\xampp\htdocs\wordpress\wp-includes\plugin.php(517): WP_Hook->do_action(Array)
#4 C:\xampp\htdocs\wordpress\wp-admin\admin.php(259): do_action('toplevel_page_c...')
#5 {main}
  thrown in C:\xampp\htdocs\wordpress\wp-content\plugins\crud\user_add.php on line 42

2023-05-09T04:24:57+00:00 CRITICAL Uncaught Error: Non-static method wpdb::_real_escape() cannot be called statically in C:\xampp\htdocs\wordpress\wp-content\plugins\crud\user_add.php:42
Stack trace:
#0 C:\xampp\htdocs\wordpress\wp-content\plugins\crud\crud.php(98): include()
#1 C:\xampp\htdocs\wordpress\wp-includes\class-wp-hook.php(308): crud_func('')
#2 C:\xampp\htdocs\wordpress\wp-includes\class-wp-hook.php(332): WP_Hook->apply_filters('', Array)
#3 C:\xampp\htdocs\wordpress\wp-includes\plugin.php(517): WP_Hook->do_action(Array)
#4 C:\xampp\htdocs\wordpress\wp-admin\admin.php(259): do_action('toplevel_page_c...')
#5 {main}
  thrown in C:\xampp\htdocs\wordpress\wp-content\plugins\crud\user_add.php on line 42

2023-05-09T04:26:57+00:00 CRITICAL Uncaught TypeError: mysqli_real_escape_string(): Argument #1 ($mysql) must be of type mysqli, wpdb given in C:\xampp\htdocs\wordpress\wp-content\plugins\crud\user_add.php:42
Stack trace:
#0 C:\xampp\htdocs\wordpress\wp-content\plugins\crud\user_add.php(42): mysqli_real_escape_string(Object(wpdb), 'Kulwinder Singh')
#1 C:\xampp\htdocs\wordpress\wp-content\plugins\crud\crud.php(98): include('C:\\xampp\\htdocs...')
#2 C:\xampp\htdocs\wordpress\wp-includes\class-wp-hook.php(308): crud_func('')
#3 C:\xampp\htdocs\wordpress\wp-includes\class-wp-hook.php(332): WP_Hook->apply_filters('', Array)
#4 C:\xampp\htdocs\wordpress\wp-includes\plugin.php(517): WP_Hook->do_action(Array)
#5 C:\xampp\htdocs\wordpress\wp-admin\admin.php(259): do_action('toplevel_page_c...')
#6 {main}
  thrown in C:\xampp\htdocs\wordpress\wp-content\plugins\crud\user_add.php on line 42

2023-05-09T04:30:10+00:00 CRITICAL Uncaught ArgumentCountError: Too few arguments to function wpdb::insert(), 1 passed in C:\xampp\htdocs\wordpress\wp-content\plugins\crud\user_add.php on line 17 and at least 2 expected in C:\xampp\htdocs\wordpress\wp-includes\class-wpdb.php:2569
Stack trace:
#0 C:\xampp\htdocs\wordpress\wp-content\plugins\crud\user_add.php(17): wpdb->insert('INSERT INTO `wp...')
#1 C:\xampp\htdocs\wordpress\wp-content\plugins\crud\crud.php(98): include('C:\\xampp\\htdocs...')
#2 C:\xampp\htdocs\wordpress\wp-includes\class-wp-hook.php(308): crud_func('')
#3 C:\xampp\htdocs\wordpress\wp-includes\class-wp-hook.php(332): WP_Hook->apply_filters('', Array)
#4 C:\xampp\htdocs\wordpress\wp-includes\plugin.php(517): WP_Hook->do_action(Array)
#5 C:\xampp\htdocs\wordpress\wp-admin\admin.php(259): do_action('toplevel_page_c...')
#6 {main}
  thrown in C:\xampp\htdocs\wordpress\wp-includes\class-wpdb.php on line 2569

2023-05-09T04:31:07+00:00 CRITICAL Uncaught ArgumentCountError: Too few arguments to function wpdb::insert(), 1 passed in C:\xampp\htdocs\wordpress\wp-content\plugins\crud\user_add.php on line 17 and at least 2 expected in C:\xampp\htdocs\wordpress\wp-includes\class-wpdb.php:2569
Stack trace:
#0 C:\xampp\htdocs\wordpress\wp-content\plugins\crud\user_add.php(17): wpdb->insert('INSERT INTO `wp...')
#1 C:\xampp\htdocs\wordpress\wp-content\plugins\crud\crud.php(98): include('C:\\xampp\\htdocs...')
#2 C:\xampp\htdocs\wordpress\wp-includes\class-wp-hook.php(308): crud_func('')
#3 C:\xampp\htdocs\wordpress\wp-includes\class-wp-hook.php(332): WP_Hook->apply_filters('', Array)
#4 C:\xampp\htdocs\wordpress\wp-includes\plugin.php(517): WP_Hook->do_action(Array)
#5 C:\xampp\htdocs\wordpress\wp-admin\admin.php(259): do_action('toplevel_page_c...')
#6 {main}
  thrown in C:\xampp\htdocs\wordpress\wp-includes\class-wpdb.php on line 2569

2023-05-09T04:46:59+00:00 CRITICAL Uncaught Error: Object of class WP_Query could not be converted to string in C:\xampp\htdocs\wordpress\wp-content\plugins\crud\user_add.php:20
Stack trace:
#0 C:\xampp\htdocs\wordpress\wp-content\plugins\crud\crud.php(98): include()
#1 C:\xampp\htdocs\wordpress\wp-includes\class-wp-hook.php(308): crud_func('')
#2 C:\xampp\htdocs\wordpress\wp-includes\class-wp-hook.php(332): WP_Hook->apply_filters('', Array)
#3 C:\xampp\htdocs\wordpress\wp-includes\plugin.php(517): WP_Hook->do_action(Array)
#4 C:\xampp\htdocs\wordpress\wp-admin\admin.php(259): do_action('toplevel_page_c...')
#5 {main}
  thrown in C:\xampp\htdocs\wordpress\wp-content\plugins\crud\user_add.php on line 20

2023-05-09T04:51:23+00:00 CRITICAL Uncaught TypeError: mysqli_query(): Argument #1 ($mysql) must be of type mysqli, wpdb given in C:\xampp\htdocs\wordpress\wp-content\plugins\crud\user_add.php:17
Stack trace:
#0 C:\xampp\htdocs\wordpress\wp-content\plugins\crud\user_add.php(17): mysqli_query(Object(wpdb), 'INSERT INTO wp_...')
#1 C:\xampp\htdocs\wordpress\wp-content\plugins\crud\crud.php(98): include('C:\\xampp\\htdocs...')
#2 C:\xampp\htdocs\wordpress\wp-includes\class-wp-hook.php(308): crud_func('')
#3 C:\xampp\htdocs\wordpress\wp-includes\class-wp-hook.php(332): WP_Hook->apply_filters('', Array)
#4 C:\xampp\htdocs\wordpress\wp-includes\plugin.php(517): WP_Hook->do_action(Array)
#5 C:\xampp\htdocs\wordpress\wp-admin\admin.php(259): do_action('toplevel_page_c...')
#6 {main}
  thrown in C:\xampp\htdocs\wordpress\wp-content\plugins\crud\user_add.php on line 17

2023-05-09T05:29:26+00:00 CRITICAL Uncaught Error: Cannot use object of type stdClass as array in C:\xampp\htdocs\wordpress\wp-content\plugins\crud\user_show.php:23
Stack trace:
#0 C:\xampp\htdocs\wordpress\wp-content\plugins\crud\crud.php(101): include()
#1 C:\xampp\htdocs\wordpress\wp-includes\class-wp-hook.php(308): user_show_func('')
#2 C:\xampp\htdocs\wordpress\wp-includes\class-wp-hook.php(332): WP_Hook->apply_filters('', Array)
#3 C:\xampp\htdocs\wordpress\wp-includes\plugin.php(517): WP_Hook->do_action(Array)
#4 C:\xampp\htdocs\wordpress\wp-admin\admin.php(259): do_action('crud_page_user-...')
#5 {main}
  thrown in C:\xampp\htdocs\wordpress\wp-content\plugins\crud\user_show.php on line 23

2023-05-09T06:00:01+00:00 CRITICAL Uncaught ArgumentCountError: Too few arguments to function plugin_dir_url(), 0 passed in C:\xampp\htdocs\wordpress\wp-content\plugins\crud\user_show.php on line 10 and exactly 1 expected in C:\xampp\htdocs\wordpress\wp-includes\plugin.php:846
Stack trace:
#0 C:\xampp\htdocs\wordpress\wp-content\plugins\crud\user_show.php(10): plugin_dir_url()
#1 C:\xampp\htdocs\wordpress\wp-content\plugins\crud\crud.php(101): include('C:\\xampp\\htdocs...')
#2 C:\xampp\htdocs\wordpress\wp-includes\class-wp-hook.php(308): user_show_func('')
#3 C:\xampp\htdocs\wordpress\wp-includes\class-wp-hook.php(332): WP_Hook->apply_filters('', Array)
#4 C:\xampp\htdocs\wordpress\wp-includes\plugin.php(517): WP_Hook->do_action(Array)
#5 C:\xampp\htdocs\wordpress\wp-admin\admin.php(259): do_action('crud_page_user-...')
#6 {main}
  thrown in C:\xampp\htdocs\wordpress\wp-includes\plugin.php on line 846

2023-05-09T06:29:47+00:00 CRITICAL syntax error, unexpected single-quoted string "id", expecting ")" in C:\xampp\htdocs\wordpress\wp-content\plugins\crud\user_show.php on line 38

2023-05-09T07:38:34+00:00 CRITICAL Uncaught Error: Class "Elementor\App\App" not found in C:\xampp\htdocs\wordpress\wp-content\plugins\elementor\includes\plugin.php:750
Stack trace:
#0 C:\xampp\htdocs\wordpress\wp-content\plugins\elementor\includes\plugin.php(647): Elementor\Plugin->init_components()
#1 C:\xampp\htdocs\wordpress\wp-includes\class-wp-hook.php(308): Elementor\Plugin->init('')
#2 C:\xampp\htdocs\wordpress\wp-includes\class-wp-hook.php(332): WP_Hook->apply_filters(NULL, Array)
#3 C:\xampp\htdocs\wordpress\wp-includes\plugin.php(517): WP_Hook->do_action(Array)
#4 C:\xampp\htdocs\wordpress\wp-settings.php(623): do_action('init')
#5 C:\xampp\htdocs\wordpress\wp-config.php(96): require_once('C:\\xampp\\htdocs...')
#6 C:\xampp\htdocs\wordpress\wp-load.php(50): require_once('C:\\xampp\\htdocs...')
#7 C:\xampp\htdocs\wordpress\wp-blog-header.php(13): require_once('C:\\xampp\\htdocs...')
#8 C:\xampp\htdocs\wordpress\index.php(17): require('C:\\xampp\\htdocs...')
#9 {main}
  thrown in C:\xampp\htdocs\wordpress\wp-content\plugins\elementor\includes\plugin.php on line 750

2023-05-09T07:38:34+00:00 CRITICAL Uncaught Error: Class "Elementor\App\App" not found in C:\xampp\htdocs\wordpress\wp-content\plugins\elementor\includes\plugin.php:750
Stack trace:
#0 C:\xampp\htdocs\wordpress\wp-content\plugins\elementor\includes\plugin.php(647): Elementor\Plugin->init_components()
#1 C:\xampp\htdocs\wordpress\wp-includes\class-wp-hook.php(308): Elementor\Plugin->init('')
#2 C:\xampp\htdocs\wordpress\wp-includes\class-wp-hook.php(332): WP_Hook->apply_filters(NULL, Array)
#3 C:\xampp\htdocs\wordpress\wp-includes\plugin.php(517): WP_Hook->do_action(Array)
#4 C:\xampp\htdocs\wordpress\wp-settings.php(623): do_action('init')
#5 C:\xampp\htdocs\wordpress\wp-config.php(96): require_once('C:\\xampp\\htdocs...')
#6 C:\xampp\htdocs\wordpress\wp-load.php(50): require_once('C:\\xampp\\htdocs...')
#7 C:\xampp\htdocs\wordpress\wp-blog-header.php(13): require_once('C:\\xampp\\htdocs...')
#8 C:\xampp\htdocs\wordpress\index.php(17): require('C:\\xampp\\htdocs...')
#9 {main}
  thrown in C:\xampp\htdocs\wordpress\wp-content\plugins\elementor\includes\plugin.php on line 750

