2023-05-08T06:13:02+00:00 CRITICAL syntax error, unexpected token "}" in C:\xampp\htdocs\wordpress\wp-content\plugins\crud\user_add.php on line 17

2023-05-08T06:13:06+00:00 CRITICAL syntax error, unexpected token "}" in C:\xampp\htdocs\wordpress\wp-content\plugins\crud\user_add.php on line 17

2023-05-08T06:33:26+00:00 CRITICAL Uncaught TypeError: array_keys(): Argument #1 ($array) must be of type array, string given in C:\xampp\htdocs\wordpress\wp-includes\class-wpdb.php:2652
Stack trace:
#0 C:\xampp\htdocs\wordpress\wp-includes\class-wpdb.php(2652): array_keys('$2y$10$3oC3V3oS...')
#1 C:\xampp\htdocs\wordpress\wp-includes\class-wpdb.php(2570): wpdb->_insert_replace_helper('wp_crud', '$2y$10$3oC3V3oS...', NULL, 'INSERT')
#2 C:\xampp\htdocs\wordpress\wp-content\plugins\crud\user_add.php(18): wpdb->insert('wp_crud', '$2y$10$3oC3V3oS...')
#3 C:\xampp\htdocs\wordpress\wp-content\plugins\crud\crud.php(98): include('C:\\xampp\\htdocs...')
#4 C:\xampp\htdocs\wordpress\wp-includes\class-wp-hook.php(308): crud_func('')
#5 C:\xampp\htdocs\wordpress\wp-includes\class-wp-hook.php(332): WP_Hook->apply_filters('', Array)
#6 C:\xampp\htdocs\wordpress\wp-includes\plugin.php(517): WP_Hook->do_action(Array)
#7 C:\xampp\htdocs\wordpress\wp-admin\admin.php(259): do_action('toplevel_page_c...')
#8 {main}
  thrown in C:\xampp\htdocs\wordpress\wp-includes\class-wpdb.php on line 2652

2023-05-08T06:40:08+00:00 CRITICAL Uncaught TypeError: array_keys(): Argument #1 ($array) must be of type array, string given in C:\xampp\htdocs\wordpress\wp-includes\class-wpdb.php:2652
Stack trace:
#0 C:\xampp\htdocs\wordpress\wp-includes\class-wpdb.php(2652): array_keys('$2y$10$mYvh39ze...')
#1 C:\xampp\htdocs\wordpress\wp-includes\class-wpdb.php(2570): wpdb->_insert_replace_helper('wp_crud', '$2y$10$mYvh39ze...', NULL, 'INSERT')
#2 C:\xampp\htdocs\wordpress\wp-content\plugins\crud\user_add.php(18): wpdb->insert('wp_crud', '$2y$10$mYvh39ze...')
#3 C:\xampp\htdocs\wordpress\wp-content\plugins\crud\crud.php(98): include('C:\\xampp\\htdocs...')
#4 C:\xampp\htdocs\wordpress\wp-includes\class-wp-hook.php(308): crud_func('')
#5 C:\xampp\htdocs\wordpress\wp-includes\class-wp-hook.php(332): WP_Hook->apply_filters('', Array)
#6 C:\xampp\htdocs\wordpress\wp-includes\plugin.php(517): WP_Hook->do_action(Array)
#7 C:\xampp\htdocs\wordpress\wp-admin\admin.php(259): do_action('toplevel_page_c...')
#8 {main}
  thrown in C:\xampp\htdocs\wordpress\wp-includes\class-wpdb.php on line 2652

2023-05-08T06:52:54+00:00 CRITICAL Uncaught ArgumentCountError: Too few arguments to function wpdb::insert(), 1 passed in C:\xampp\htdocs\wordpress\wp-content\plugins\crud\user_add.php on line 17 and at least 2 expected in C:\xampp\htdocs\wordpress\wp-includes\class-wpdb.php:2569
Stack trace:
#0 C:\xampp\htdocs\wordpress\wp-content\plugins\crud\user_add.php(17): wpdb->insert('INSERT INTO `wp...')
#1 C:\xampp\htdocs\wordpress\wp-content\plugins\crud\crud.php(98): include('C:\\xampp\\htdocs...')
#2 C:\xampp\htdocs\wordpress\wp-includes\class-wp-hook.php(308): crud_func('')
#3 C:\xampp\htdocs\wordpress\wp-includes\class-wp-hook.php(332): WP_Hook->apply_filters('', Array)
#4 C:\xampp\htdocs\wordpress\wp-includes\plugin.php(517): WP_Hook->do_action(Array)
#5 C:\xampp\htdocs\wordpress\wp-admin\admin.php(259): do_action('toplevel_page_c...')
#6 {main}
  thrown in C:\xampp\htdocs\wordpress\wp-includes\class-wpdb.php on line 2569

2023-05-08T06:58:53+00:00 CRITICAL Uncaught ArgumentCountError: Too few arguments to function wpdb::insert(), 1 passed in C:\xampp\htdocs\wordpress\wp-content\plugins\crud\user_add.php on line 17 and at least 2 expected in C:\xampp\htdocs\wordpress\wp-includes\class-wpdb.php:2569
Stack trace:
#0 C:\xampp\htdocs\wordpress\wp-content\plugins\crud\user_add.php(17): wpdb->insert('INSERT INTO `wp...')
#1 C:\xampp\htdocs\wordpress\wp-content\plugins\crud\crud.php(98): include('C:\\xampp\\htdocs...')
#2 C:\xampp\htdocs\wordpress\wp-includes\class-wp-hook.php(308): crud_func('')
#3 C:\xampp\htdocs\wordpress\wp-includes\class-wp-hook.php(332): WP_Hook->apply_filters('', Array)
#4 C:\xampp\htdocs\wordpress\wp-includes\plugin.php(517): WP_Hook->do_action(Array)
#5 C:\xampp\htdocs\wordpress\wp-admin\admin.php(259): do_action('toplevel_page_c...')
#6 {main}
  thrown in C:\xampp\htdocs\wordpress\wp-includes\class-wpdb.php on line 2569

2023-05-08T07:04:13+00:00 CRITICAL Uncaught ArgumentCountError: Too few arguments to function wpdb::insert(), 1 passed in C:\xampp\htdocs\wordpress\wp-content\plugins\crud\user_add.php on line 17 and at least 2 expected in C:\xampp\htdocs\wordpress\wp-includes\class-wpdb.php:2569
Stack trace:
#0 C:\xampp\htdocs\wordpress\wp-content\plugins\crud\user_add.php(17): wpdb->insert('INSERT INTO `wp...')
#1 C:\xampp\htdocs\wordpress\wp-content\plugins\crud\crud.php(98): include('C:\\xampp\\htdocs...')
#2 C:\xampp\htdocs\wordpress\wp-includes\class-wp-hook.php(308): crud_func('')
#3 C:\xampp\htdocs\wordpress\wp-includes\class-wp-hook.php(332): WP_Hook->apply_filters('', Array)
#4 C:\xampp\htdocs\wordpress\wp-includes\plugin.php(517): WP_Hook->do_action(Array)
#5 C:\xampp\htdocs\wordpress\wp-admin\admin.php(259): do_action('toplevel_page_c...')
#6 {main}
  thrown in C:\xampp\htdocs\wordpress\wp-includes\class-wpdb.php on line 2569

2023-05-08T07:45:54+00:00 CRITICAL Uncaught TypeError: array_keys(): Argument #1 ($array) must be of type array, string given in C:\xampp\htdocs\wordpress\wp-includes\class-wpdb.php:2652
Stack trace:
#0 C:\xampp\htdocs\wordpress\wp-includes\class-wpdb.php(2652): array_keys('kulwinder123@gm...')
#1 C:\xampp\htdocs\wordpress\wp-includes\class-wpdb.php(2570): wpdb->_insert_replace_helper('Kulwinder Singh', 'kulwinder123@gm...', '$2y$10$HMX/nwmb...', 'INSERT')
#2 C:\xampp\htdocs\wordpress\wp-content\plugins\crud\user_add.php(32): wpdb->insert('Kulwinder Singh', 'kulwinder123@gm...', '$2y$10$HMX/nwmb...')
#3 C:\xampp\htdocs\wordpress\wp-content\plugins\crud\crud.php(98): include('C:\\xampp\\htdocs...')
#4 C:\xampp\htdocs\wordpress\wp-includes\class-wp-hook.php(308): crud_func('')
#5 C:\xampp\htdocs\wordpress\wp-includes\class-wp-hook.php(332): WP_Hook->apply_filters('', Array)
#6 C:\xampp\htdocs\wordpress\wp-includes\plugin.php(517): WP_Hook->do_action(Array)
#7 C:\xampp\htdocs\wordpress\wp-admin\admin.php(259): do_action('toplevel_page_c...')
#8 {main}
  thrown in C:\xampp\htdocs\wordpress\wp-includes\class-wpdb.php on line 2652

2023-05-08T09:54:05+00:00 CRITICAL Uncaught Error: Call to undefined function dbDelta() in C:\xampp\htdocs\wordpress\wp-content\plugins\my-custom-plugin\my-custom-plugin.php:38
Stack trace:
#0 C:\xampp\htdocs\wordpress\wp-content\plugins\my-custom-plugin\my-custom-plugin.php(16): create_table()
#1 C:\xampp\htdocs\wordpress\wp-includes\class-wp-hook.php(308): activation(false)
#2 C:\xampp\htdocs\wordpress\wp-includes\class-wp-hook.php(332): WP_Hook->apply_filters('', Array)
#3 C:\xampp\htdocs\wordpress\wp-includes\plugin.php(517): WP_Hook->do_action(Array)
#4 C:\xampp\htdocs\wordpress\wp-admin\includes\plugin.php(691): do_action('activate_my-cus...', false)
#5 C:\xampp\htdocs\wordpress\wp-admin\plugins.php(58): activate_plugin('my-custom-plugi...', 'http://localhos...', false)
#6 {main}
  thrown in C:\xampp\htdocs\wordpress\wp-content\plugins\my-custom-plugin\my-custom-plugin.php on line 38

2023-05-08T09:54:09+00:00 CRITICAL Uncaught Error: Call to undefined function dbDelta() in C:\xampp\htdocs\wordpress\wp-content\plugins\my-custom-plugin\my-custom-plugin.php:38
Stack trace:
#0 C:\xampp\htdocs\wordpress\wp-content\plugins\my-custom-plugin\my-custom-plugin.php(16): create_table()
#1 C:\xampp\htdocs\wordpress\wp-includes\class-wp-hook.php(308): activation('')
#2 C:\xampp\htdocs\wordpress\wp-includes\class-wp-hook.php(332): WP_Hook->apply_filters('', Array)
#3 C:\xampp\htdocs\wordpress\wp-includes\plugin.php(517): WP_Hook->do_action(Array)
#4 C:\xampp\htdocs\wordpress\wp-admin\plugins.php(194): do_action('activate_my-cus...')
#5 {main}
  thrown in C:\xampp\htdocs\wordpress\wp-content\plugins\my-custom-plugin\my-custom-plugin.php on line 38

2023-05-08T09:54:09+00:00 CRITICAL Uncaught Error: Call to undefined function dbDelta() in C:\xampp\htdocs\wordpress\wp-content\plugins\my-custom-plugin\my-custom-plugin.php:38
Stack trace:
#0 C:\xampp\htdocs\wordpress\wp-content\plugins\my-custom-plugin\my-custom-plugin.php(16): create_table()
#1 C:\xampp\htdocs\wordpress\wp-includes\class-wp-hook.php(308): activation('')
#2 C:\xampp\htdocs\wordpress\wp-includes\class-wp-hook.php(332): WP_Hook->apply_filters('', Array)
#3 C:\xampp\htdocs\wordpress\wp-includes\plugin.php(517): WP_Hook->do_action(Array)
#4 C:\xampp\htdocs\wordpress\wp-admin\plugins.php(194): do_action('activate_my-cus...')
#5 {main}
  thrown in C:\xampp\htdocs\wordpress\wp-content\plugins\my-custom-plugin\my-custom-plugin.php on line 38

